<?xml version="1.0" encoding="UTF-8"?>
<Site BuildName="(empty)"
	BuildStamp="20240105-1753-Experimental"
	Name="(empty)"
	Generator="ctest-3.28.1"
	CompilerName=""
	CompilerVersion=""
	OSName="macOS"
	Hostname="jdmr.local"
	OSRelease="14.1.2"
	OSVersion="23B92"
	OSPlatform="arm64"
	Is64Bits="1"
	VendorString="IBM"
	VendorID="IBM"
	FamilyID="16777228"
	ModelID="2"
	ProcessorCacheSize="131072"
	NumberOfLogicalCPU="10"
	NumberOfPhysicalCPU="10"
	TotalVirtualMemory="0"
	TotalPhysicalMemory="32768"
	LogicalProcessorsPerPhysical="10"
	ProcessorClockFrequency="0"
	>
	<Testing>
		<StartDateTime>Jan 05 11:54 CST</StartDateTime>
		<StartTestTime>1704477245</StartTestTime>
		<TestList>
			<Test>./tests/ex0203tests</Test>
		</TestList>
		<Test Status="passed">
			<Name>ex0203tests</Name>
			<Path>./tests</Path>
			<FullName>./tests/ex0203tests</FullName>
			<FullCommandLine>/Users/jdmr/dev/c++/oop/ch02/ex0203/build/tests/ex0203tests</FullCommandLine>
			<Results>
				<NamedMeasurement type="numeric/double" name="Execution Time">
					<Value>0.346854</Value>
				</NamedMeasurement>
				<NamedMeasurement type="numeric/double" name="Processors">
					<Value>1</Value>
				</NamedMeasurement>
				<NamedMeasurement type="text/string" name="Completion Status">
					<Value>Completed</Value>
				</NamedMeasurement>
				<NamedMeasurement type="text/string" name="Command Line">
					<Value>/Users/jdmr/dev/c++/oop/ch02/ex0203/build/tests/ex0203tests</Value>
				</NamedMeasurement>
				<NamedMeasurement type="text/string" name="Environment">
					<Value>#CTEST_RESOURCE_GROUP_COUNT=</Value>
				</NamedMeasurement>
				<Measurement>
					<Value encoding="base64" compression="gzip">eJyNkU1vgzAMhu/5FT4WVRDGzjts2tTDpHWi7QmhKQ0eo8oHyke7/vuRUiGYRNX35NhPXsdx7pVqVA2SNWoRwbfREujOorH0UElDKzxSvlxSrVvKf9KM4m+apY+01roW6NC6cWgNp3WIvoJfwjkpngaVkF+bZRAY23d7uBzA+sZhQop4UAkrofdM9HVUx8ZoJVF1LLrYt//giWn/ym1IkALy3QdcVI4LifTCNa04v5y3J91hvdbvtzBYpCBtNG9q/d4Zxt1a4bzlCBoM75mlh8Fpx0RE7vssh8zElT6p6S5mdwCGqWTaqJvj83mzeXsNw14vJuQPKVSwzg==</Value>
				</Measurement>
			</Results>
		</Test>
		<EndDateTime>Jan 05 11:54 CST</EndDateTime>
		<EndTestTime>1704477245</EndTestTime>
		<ElapsedMinutes>0</ElapsedMinutes>
	</Testing>
</Site>
