<?xml version="1.0" encoding="UTF-8"?>
<Site BuildName="(empty)"
	BuildStamp="20240105-1654-Experimental"
	Name="(empty)"
	Generator="ctest-3.28.1"
	CompilerName=""
	CompilerVersion=""
	OSName="macOS"
	Hostname="jdmr.local"
	OSRelease="14.1.2"
	OSVersion="23B92"
	OSPlatform="arm64"
	Is64Bits="1"
	VendorString="IBM"
	VendorID="IBM"
	FamilyID="16777228"
	ModelID="2"
	ProcessorCacheSize="131072"
	NumberOfLogicalCPU="10"
	NumberOfPhysicalCPU="10"
	TotalVirtualMemory="0"
	TotalPhysicalMemory="32768"
	LogicalProcessorsPerPhysical="10"
	ProcessorClockFrequency="0"
	>
	<Testing>
		<StartDateTime>Jan 05 11:07 CST</StartDateTime>
		<StartTestTime>1704474456</StartTestTime>
		<TestList>
			<Test>./tests/ex0201tests</Test>
		</TestList>
		<Test Status="passed">
			<Name>ex0201tests</Name>
			<Path>./tests</Path>
			<FullName>./tests/ex0201tests</FullName>
			<FullCommandLine>/Users/jdmr/dev/c++/oop/ch02/ex0201/build/tests/ex0201tests</FullCommandLine>
			<Results>
				<NamedMeasurement type="numeric/double" name="Execution Time">
					<Value>0.00585229</Value>
				</NamedMeasurement>
				<NamedMeasurement type="numeric/double" name="Processors">
					<Value>1</Value>
				</NamedMeasurement>
				<NamedMeasurement type="text/string" name="Completion Status">
					<Value>Completed</Value>
				</NamedMeasurement>
				<NamedMeasurement type="text/string" name="Command Line">
					<Value>/Users/jdmr/dev/c++/oop/ch02/ex0201/build/tests/ex0201tests</Value>
				</NamedMeasurement>
				<NamedMeasurement type="text/string" name="Environment">
					<Value>#CTEST_RESOURCE_GROUP_COUNT=</Value>
				</NamedMeasurement>
				<Measurement>
					<Value encoding="base64" compression="gzip">eJyVkU9PwzAMxe/5FD6umpp0vXNA/NkBiaGOXagqlKWmFKX2lKSDj0+7ThVFTGPv5Mg/vyfHWUtUUwWNrmkWwZvjBtTGo/Pqo2ycKnGvzHyumHfKvCepwq8kTRaqYq4sBvThZ+mdUVVfvfZ+0hiRX40qIDuGpdAzfkhbHB7g2zqgFHk8qoCl5a22Qx9pXzumBqljMcTt7hc8MV1qa5n8M9+029rcIwaRQ7Z5hIOKP/ryBR130KDVw2kIZgk0PjpruCI869cxo90FywwzEDhoG4n/fVpA7eKSP2l6k5O3AKdJToO6bZ6u1+u7237j46AU35g2tgI=</Value>
				</Measurement>
			</Results>
		</Test>
		<EndDateTime>Jan 05 11:07 CST</EndDateTime>
		<EndTestTime>1704474456</EndTestTime>
		<ElapsedMinutes>0</ElapsedMinutes>
	</Testing>
</Site>
