Start testing: Jan 05 11:07 CST
----------------------------------------------------------
1/1 Testing: ex0201tests
1/1 Test: ex0201tests
Command: "/Users/jdmr/dev/c++/oop/ch02/ex0201/build/tests/ex0201tests"
Directory: /Users/jdmr/dev/c++/oop/ch02/ex0201/build/tests
"ex0201tests" start time: Jan 05 11:07 CST
Output:
----------------------------------------------------------
Running main() from /Users/jdmr/dev/c++/oop/ch02/ex0201/googletest/googletest/src/gtest_main.cc
[==========] Running 2 tests from 1 test suite.
[----------] Global test environment set-up.
[----------] 2 tests from GallonsToCubicFeet
[ RUN      ] GallonsToCubicFeet.Zero
[       OK ] GallonsToCubicFeet.Zero (0 ms)
[ RUN      ] GallonsToCubicFeet.One
[       OK ] GallonsToCubicFeet.One (0 ms)
[----------] 2 tests from GallonsToCubicFeet (0 ms total)

[----------] Global test environment tear-down
[==========] 2 tests from 1 test suite ran. (0 ms total)
[  PASSED  ] 2 tests.
<end of output>
Test time =   0.01 sec
----------------------------------------------------------
Test Passed.
"ex0201tests" end time: Jan 05 11:07 CST
"ex0201tests" time elapsed: 00:00:00
----------------------------------------------------------

End testing: Jan 05 11:07 CST
